<?xml version="1.0" encoding="UTF-8"?>
<!-- Generated by org.testng.reporters.JUnitXMLReporter -->
<testsuite ignored="1" hostname="Sagar" failures="0" tests="1" name="Default test" time="5.169" errors="0" timestamp="2024-11-15T19:20:09 IST">
  <testcase classname="test.SwagLabLoginTest" name="verifyIfUserAbleToLoginWithValidCreadentials" time="2.144"/>
  <testcase classname="test.SwagLabLoginTest" name="verifyIfWarningMessageIsDisplyedForLockedUser" time="0.0">
    <ignored/>
  </testcase> <!-- verifyIfWarningMessageIsDisplyedForLockedUser -->
</testsuite> <!-- Default test -->
