<?xml version="1.0" encoding="UTF-8"?>
<!-- Generated by org.testng.reporters.JUnitXMLReporter -->
<testsuite ignored="0" hostname="Sagar" failures="0" tests="19" name="Test" time="210.963" errors="0" timestamp="2024-11-16T11:50:09 IST">
  <testcase classname="test.SwagLabLoginTest" name="verifyIfUserAbleToLoginWithValidCreadentials" time="3.482"/>
  <testcase classname="test.SwagLabLoginTest" name="verifyIfWarningMessageIsDisplyedForLockedUser" time="0.478"/>
  <testcase classname="test.SwagLabHomePageTest" name="VeriftOnClickingOnMenuAllTheMenuOptionsAreDisplayed" time="0.288"/>
  <testcase classname="test.SwagLabHomePageTest" name="VerifyOnClickAboutUserIsRedirectedToSwaglabExternalPage" time="12.236"/>
  <testcase classname="test.SwagLabHomePageTest" name="VerifyOnClickingAddToCartButtonTheRemoveButtonIsDislayedInteadOfAddToCart" time="6.628"/>
  <testcase classname="test.SwagLabHomePageTest" name="VerifyOnClickingAllItemsMenuBarIsClosingAndAllProductsAreDisplayed" time="12.56"/>
  <testcase classname="test.SwagLabHomePageTest" name="VerifyOnClickingLogoutUserIsSuccessfullyLoggedOutFromApplication" time="3.78"/>
  <testcase classname="test.SwagLabHomePageTest" name="VerifyOnClickingRemoveProductTheButtonIsAgainChangedToAddToCart" time="18.932"/>
  <testcase classname="test.SwagLabHomePageTest" name="VerifySortFeatureForAtoZ" time="0.698"/>
  <testcase classname="test.SwagLabHomePageTest" name="VerifySortFeatureForPriceHighToLow" time="0.431"/>
  <testcase classname="test.SwagLabHomePageTest" name="VerifySortFeatureForPriceLowToHigh" time="0.407"/>
  <testcase classname="test.SwagLabHomePageTest" name="VerifySortFeatureForZtoA" time="0.581"/>
  <testcase classname="test.SwagLabHomePageTest" name="clickOnResetAppState" time="0.214"/>
  <testcase classname="test.SwagLabCartTest" name="VerfiyIfUserIsAbleToAddSingleProductToCart" time="2.165"/>
  <testcase classname="test.SwagLabCartTest" name="VerifyIfUserIsAbleToRemoveProductFromCart" time="17.891"/>
  <testcase classname="test.SwagLabCartTest" name="VerifyIsIfUserIsAbleToAddMultipleProductToCart" time="7.858"/>
  <testcase classname="test.SwagLabCartTest" name="VerifyOnClickingCartIconCartIsDisplyed" time="0.28"/>
  <testcase classname="test.SwagLabCartTest" name="verifyIfUserAbleToAddProductToCart" time="8.424"/>
  <testcase classname="test.SwagLabOrderProductTest" name="verifyIfUserOrderProductSuccessfully" time="6.266"/>
</testsuite> <!-- Test -->
